 0.000000 0.000000 
 840.000000 840.000000 
 1234.000000 1234.000000 
 2017.000000 2017.000000 
 2815.000000 2815.000000 
 3726.000000 3726.000000 
 3923.000000 3923.000000 
 4258.000000 4258.000000 
 5026.000000 5026.000000 
 5303.000000 5303.000000 
 5856.000000 5856.000000 
 6333.000000 6333.000000 
 6961.000000 6961.000000 
 7325.000000 7325.000000 
 7838.000000 7838.000000 
 8790.000000 8790.000000 
 9706.000000 9706.000000 
 10341.000000 10341.000000 
 11058.000000 11058.000000 
 11199.000000 11199.000000 
 11805.000000 11805.000000 
 11821.000000 11821.000000 
 12063.000000 12063.000000 
 12200.000000 12200.000000 
 13004.000000 13004.000000 
 13160.000000 13160.000000 
 13560.000000 13560.000000 
 13689.000000 13689.000000 
 13797.000000 13797.000000 
 14795.000000 14795.000000 
 15013.000000 15013.000000 
 15525.000000 15525.000000 
 16364.000000 16364.000000 
 16976.000000 16976.000000 
 17272.000000 17272.000000 
 17909.000000 17909.000000 
 18433.000000 18433.000000 
 18926.000000 18926.000000 
 19898.000000 19898.000000 
 20190.000000 20190.000000 
 20961.000000 20961.000000 
 21487.000000 21487.000000 
 22256.000000 22256.000000 
 22656.000000 22656.000000 
 23547.000000 23547.000000 
 23830.000000 23830.000000 
 24182.000000 24182.000000 
 24989.000000 24989.000000 
 25908.000000 25908.000000 
 25977.000000 25977.000000 
 26926.000000 26926.000000 
 27451.000000 27451.000000 
 27537.000000 27537.000000 
 27729.000000 27729.000000 
 28392.000000 28392.000000 
 29282.000000 29282.000000 
 29630.000000 29630.000000 
 29694.000000 29694.000000 
 29714.000000 29714.000000 
 30171.000000 30171.000000 
 30234.000000 30234.000000 
 30472.000000 30472.000000 
 31442.000000 31442.000000 
 32344.000000 32344.000000 
 33194.000000 33194.000000 
 33460.000000 33460.000000 
 33999.000000 33999.000000 
 34374.000000 34374.000000 
 35134.000000 35134.000000 
 35646.000000 35646.000000 
 36313.000000 36313.000000 
 36844.000000 36844.000000 
 36883.000000 36883.000000 
 37320.000000 37320.000000 
 38251.000000 38251.000000 
 39181.000000 39181.000000 
 39901.000000 39901.000000 
 40185.000000 40185.000000 
 40923.000000 40923.000000 
 41562.000000 41562.000000 
 41916.000000 41916.000000 
 42603.000000 42603.000000 
 42768.000000 42768.000000 
 43208.000000 43208.000000 
 44088.000000 44088.000000 
 44917.000000 44917.000000 
 45247.000000 45247.000000 
 45475.000000 45475.000000 
 46368.000000 46368.000000 
 46718.000000 46718.000000 
 47404.000000 47404.000000 
 48360.000000 48360.000000 
 48948.000000 48948.000000 
 49605.000000 49605.000000 
 50463.000000 50463.000000 
 50902.000000 50902.000000 
 51825.000000 51825.000000 
 52223.000000 52223.000000 
 53037.000000 53037.000000 
 53721.000000 53721.000000 
 54631.000000 54631.000000 
 55113.000000 55113.000000 
 55328.000000 55328.000000 
 56278.000000 56278.000000 
 57198.000000 57198.000000 
 57345.000000 57345.000000 
 58226.000000 58226.000000 
 58867.000000 58867.000000 
 59298.000000 59298.000000 
 59917.000000 59917.000000 
 60198.000000 60198.000000 
 60984.000000 60984.000000 
 61291.000000 61291.000000 
 61738.000000 61738.000000 
 61964.000000 61964.000000 
 62151.000000 62151.000000 
 62427.000000 62427.000000 
 62983.000000 62983.000000 
 63399.000000 63399.000000 
 63568.000000 63568.000000 
 64474.000000 64474.000000 
 64577.000000 64577.000000 
 64703.000000 64703.000000 
 65198.000000 65198.000000 
 65958.000000 65958.000000 
 66942.000000 66942.000000 
 67877.000000 67877.000000 
 68561.000000 68561.000000 
 68944.000000 68944.000000 
 69693.000000 69693.000000 
 70061.000000 70061.000000 
 70355.000000 70355.000000 
 70587.000000 70587.000000 
 71171.000000 71171.000000 
 71415.000000 71415.000000 
 71567.000000 71567.000000 
 72299.000000 72299.000000 
 72424.000000 72424.000000 
 73217.000000 73217.000000 
 73381.000000 73381.000000 
 74126.000000 74126.000000 
 74200.000000 74200.000000 
 75150.000000 75150.000000 
 75202.000000 75202.000000 
 75723.000000 75723.000000 
 75899.000000 75899.000000 
 76139.000000 76139.000000 
 76936.000000 76936.000000 
 77668.000000 77668.000000 
 78324.000000 78324.000000 
 79291.000000 79291.000000 
 79930.000000 79930.000000 
 80689.000000 80689.000000 
 80782.000000 80782.000000 
 80916.000000 80916.000000 
 81436.000000 81436.000000 
 81514.000000 81514.000000 
 81583.000000 81583.000000 
 81787.000000 81787.000000 
 82248.000000 82248.000000 
 83067.000000 83067.000000 
 83640.000000 83640.000000 
 84395.000000 84395.000000 
 84446.000000 84446.000000 
 84603.000000 84603.000000 
 85602.000000 85602.000000 
 85806.000000 85806.000000 
 86695.000000 86695.000000 
 86820.000000 86820.000000 
 87817.000000 87817.000000 
 87871.000000 87871.000000 
 88741.000000 88741.000000 
 88813.000000 88813.000000 
 88817.000000 88817.000000 
 89740.000000 89740.000000 
 90333.000000 90333.000000 
 90513.000000 90513.000000 
 90676.000000 90676.000000 
 91067.000000 91067.000000 
 91980.000000 91980.000000 
 92799.000000 92799.000000 
 93158.000000 93158.000000 
 93710.000000 93710.000000 
 94289.000000 94289.000000 
 94741.000000 94741.000000 
 95428.000000 95428.000000 
 95527.000000 95527.000000 
 96057.000000 96057.000000 
 96814.000000 96814.000000 
 97118.000000 97118.000000 
 98110.000000 98110.000000 
 98686.000000 98686.000000 
 99563.000000 99563.000000 
 100310.000000 100310.000000 
 100938.000000 100938.000000 
 100973.000000 100973.000000 
 101720.000000 101720.000000 
 102553.000000 102553.000000 
 103478.000000 103478.000000 
 104351.000000 104351.000000 
 105182.000000 105182.000000 
 106161.000000 106161.000000 
 106904.000000 106904.000000 
 107807.000000 107807.000000 
 108790.000000 108790.000000 
 109456.000000 109456.000000 
 109953.000000 109953.000000 
 110116.000000 110116.000000 
 110946.000000 110946.000000 
 111834.000000 111834.000000 
 111910.000000 111910.000000 
 112559.000000 112559.000000 
 112807.000000 112807.000000 
 113436.000000 113436.000000 
 113665.000000 113665.000000 
 114365.000000 114365.000000 
 114681.000000 114681.000000 
 115009.000000 115009.000000 
 115240.000000 115240.000000 
 115314.000000 115314.000000 
 115947.000000 115947.000000 
 116170.000000 116170.000000 
 116821.000000 116821.000000 
 117331.000000 117331.000000 
 118302.000000 118302.000000 
 118582.000000 118582.000000 
 119128.000000 119128.000000 
 119847.000000 119847.000000 
 119960.000000 119960.000000 
 120431.000000 120431.000000 
 121023.000000 121023.000000 
 121967.000000 121967.000000 
 122417.000000 122417.000000 
 122753.000000 122753.000000 
 123600.000000 123600.000000 
 124034.000000 124034.000000 
 124037.000000 124037.000000 
 124381.000000 124381.000000 
 124979.000000 124979.000000 
 125812.000000 125812.000000 
 126045.000000 126045.000000 
 126720.000000 126720.000000 
 127202.000000 127202.000000 
 127683.000000 127683.000000 
 127987.000000 127987.000000 
 128699.000000 128699.000000 
 128881.000000 128881.000000 
 129502.000000 129502.000000 
 129542.000000 129542.000000 
 129955.000000 129955.000000 
 130650.000000 130650.000000 
 131323.000000 131323.000000 
 131960.000000 131960.000000 
 132307.000000 132307.000000 
 132491.000000 132491.000000 
 133100.000000 133100.000000 
 133727.000000 133727.000000 
 134457.000000 134457.000000 
 134785.000000 134785.000000 
 135525.000000 135525.000000 
 135727.000000 135727.000000 
 136647.000000 136647.000000 
 137331.000000 137331.000000 
 137984.000000 137984.000000 
 138241.000000 138241.000000 
 138773.000000 138773.000000 
 138860.000000 138860.000000 
 139120.000000 139120.000000 
 139997.000000 139997.000000 
 140683.000000 140683.000000 
 140776.000000 140776.000000 
 140887.000000 140887.000000 
 141248.000000 141248.000000 
 141824.000000 141824.000000 
 142417.000000 142417.000000 
 143083.000000 143083.000000 
 143371.000000 143371.000000 
 144146.000000 144146.000000 
 144434.000000 144434.000000 
 144763.000000 144763.000000 
 144952.000000 144952.000000 
 145936.000000 145936.000000 
 145939.000000 145939.000000 
 146766.000000 146766.000000 
 147097.000000 147097.000000 
 147285.000000 147285.000000 
 147721.000000 147721.000000 
 148679.000000 148679.000000 
 149597.000000 149597.000000 
 150361.000000 150361.000000 
 151060.000000 151060.000000 
 151181.000000 151181.000000 
 151866.000000 151866.000000 
 152249.000000 152249.000000 
 153023.000000 153023.000000 
 153966.000000 153966.000000 
 154882.000000 154882.000000 
 155743.000000 155743.000000 
 155946.000000 155946.000000 
 156739.000000 156739.000000 
 157287.000000 157287.000000 
 157584.000000 157584.000000 
 158488.000000 158488.000000 
 159397.000000 159397.000000 
 160270.000000 160270.000000 
 160768.000000 160768.000000 
 161344.000000 161344.000000 
 161506.000000 161506.000000 
 161779.000000 161779.000000 
 162643.000000 162643.000000 
 163135.000000 163135.000000 
 163598.000000 163598.000000 
 164446.000000 164446.000000 
 164941.000000 164941.000000 
 165232.000000 165232.000000 
 165412.000000 165412.000000 
 166096.000000 166096.000000 
 166823.000000 166823.000000 
 166962.000000 166962.000000 
 167565.000000 167565.000000 
 168057.000000 168057.000000 
 168895.000000 168895.000000 
 169619.000000 169619.000000 
 169797.000000 169797.000000 
 170018.000000 170018.000000 
 170516.000000 170516.000000 
 170637.000000 170637.000000 
 170775.000000 170775.000000 
 171135.000000 171135.000000 
 171459.000000 171459.000000 
 172390.000000 172390.000000 
 173298.000000 173298.000000 
 173920.000000 173920.000000 
 174756.000000 174756.000000 
 175574.000000 175574.000000 
 176070.000000 176070.000000 
 176404.000000 176404.000000 
 176798.000000 176798.000000 
 177456.000000 177456.000000 
 178064.000000 178064.000000 
 178322.000000 178322.000000 
 178473.000000 178473.000000 
 178545.000000 178545.000000 
 178652.000000 178652.000000 
 179299.000000 179299.000000 
 179662.000000 179662.000000 
 179950.000000 179950.000000 
 180281.000000 180281.000000 
 180372.000000 180372.000000 
 180799.000000 180799.000000 
 181733.000000 181733.000000 
 182316.000000 182316.000000 
 182581.000000 182581.000000 
 183239.000000 183239.000000 
 184000.000000 184000.000000 
 184487.000000 184487.000000 
 184644.000000 184644.000000 
 185527.000000 185527.000000 
 186152.000000 186152.000000 
 186669.000000 186669.000000 
 186876.000000 186876.000000 
 187433.000000 187433.000000 
 187859.000000 187859.000000 
 188688.000000 188688.000000 
 189082.000000 189082.000000 
 189326.000000 189326.000000 
 189652.000000 189652.000000 
 190381.000000 190381.000000 
 191019.000000 191019.000000 
 192003.000000 192003.000000 
 192341.000000 192341.000000 
 193238.000000 193238.000000 
 193374.000000 193374.000000 
 193784.000000 193784.000000 
 193789.000000 193789.000000 
 194572.000000 194572.000000 
 195346.000000 195346.000000 
 195639.000000 195639.000000 
 195753.000000 195753.000000 
 196618.000000 196618.000000 
 197339.000000 197339.000000 
 197388.000000 197388.000000 
 197837.000000 197837.000000 
 198823.000000 198823.000000 
 199530.000000 199530.000000 
 199740.000000 199740.000000 
 200213.000000 200213.000000 
 201078.000000 201078.000000 
 201171.000000 201171.000000 
 201270.000000 201270.000000 
 201652.000000 201652.000000 
 201953.000000 201953.000000 
 202610.000000 202610.000000 
 203419.000000 203419.000000 
 203550.000000 203550.000000 
 203601.000000 203601.000000 
 203654.000000 203654.000000 
 204111.000000 204111.000000 
 204891.000000 204891.000000 
 205583.000000 205583.000000 
 206025.000000 206025.000000 
 206144.000000 206144.000000 
 206733.000000 206733.000000 
 207311.000000 207311.000000 
 207840.000000 207840.000000 
 208435.000000 208435.000000 
 208796.000000 208796.000000 
 209100.000000 209100.000000 
 209988.000000 209988.000000 
 210464.000000 210464.000000 
 210633.000000 210633.000000 
 211242.000000 211242.000000 
 211767.000000 211767.000000 
 212385.000000 212385.000000 
 212981.000000 212981.000000 
 213214.000000 213214.000000 
 214043.000000 214043.000000 
 214113.000000 214113.000000 
 214211.000000 214211.000000 
 215134.000000 215134.000000 
 215303.000000 215303.000000 
 215784.000000 215784.000000 
 216009.000000 216009.000000 
 216835.000000 216835.000000 
 217125.000000 217125.000000 
 217482.000000 217482.000000 
 218360.000000 218360.000000 
 218704.000000 218704.000000 
 219518.000000 219518.000000 
 220177.000000 220177.000000 
 220213.000000 220213.000000 
 220470.000000 220470.000000 
 221248.000000 221248.000000 
 221873.000000 221873.000000 
 222709.000000 222709.000000 
 223017.000000 223017.000000 
 223238.000000 223238.000000 
 223436.000000 223436.000000 
 224048.000000 224048.000000 
 224157.000000 224157.000000 
 224831.000000 224831.000000 
 225613.000000 225613.000000 
 226332.000000 226332.000000 
 226532.000000 226532.000000 
 226933.000000 226933.000000 
 227248.000000 227248.000000 
 227682.000000 227682.000000 
 227912.000000 227912.000000 
 228297.000000 228297.000000 
 228829.000000 228829.000000 
 228983.000000 228983.000000 
 229538.000000 229538.000000 
 229552.000000 229552.000000 
 229932.000000 229932.000000 
 230314.000000 230314.000000 
 230619.000000 230619.000000 
 231356.000000 231356.000000 
 231616.000000 231616.000000 
 232265.000000 232265.000000 
 232817.000000 232817.000000 
 233736.000000 233736.000000 
 234421.000000 234421.000000 
 235230.000000 235230.000000 
 235927.000000 235927.000000 
 236238.000000 236238.000000 
 236883.000000 236883.000000 
 236889.000000 236889.000000 
 237421.000000 237421.000000 
 238264.000000 238264.000000 
 238882.000000 238882.000000 
 239524.000000 239524.000000 
 240042.000000 240042.000000 
 240442.000000 240442.000000 
 240804.000000 240804.000000 
 241522.000000 241522.000000 
 242323.000000 242323.000000 
 243000.000000 243000.000000 
 243152.000000 243152.000000 
 243184.000000 243184.000000 
 243247.000000 243247.000000 
 243932.000000 243932.000000 
 244119.000000 244119.000000 
 244737.000000 244737.000000 
 245437.000000 245437.000000 
 246004.000000 246004.000000 
 246005.000000 246005.000000 
 246010.000000 246010.000000 
 246315.000000 246315.000000 
 246576.000000 246576.000000 
 247231.000000 247231.000000 
 248088.000000 248088.000000 
 248269.000000 248269.000000 
 248610.000000 248610.000000 
 249277.000000 249277.000000 
 250156.000000 250156.000000 
 250809.000000 250809.000000 
 251122.000000 251122.000000 
 252007.000000 252007.000000 
 252193.000000 252193.000000 
 252350.000000 252350.000000 
 252853.000000 252853.000000 
 253681.000000 253681.000000 
 254356.000000 254356.000000 
 255260.000000 255260.000000 
 255451.000000 255451.000000 
 255845.000000 255845.000000 
 256551.000000 256551.000000 
 257419.000000 257419.000000 
 257966.000000 257966.000000 
 258704.000000 258704.000000 
 259636.000000 259636.000000 
 259869.000000 259869.000000 
rms scan error  = 0.000000
