 n,  x  =  0  0x0p+0 
 n,  x  =  1  0x1p+0 
 n,  x  =  2  0x1p+1 
 n,  x  =  3  0x1.8p+1 
 n,  x  =  4  0x1p+2 
 n,  x  =  5  0x1.4p+2 
 n,  x  =  6  0x1.8p+2 
 n,  x  =  7  0x1.cp+2 
 n,  x  =  8  0x0p+0 
 n,  x  =  9  0x1p+0 
 n,  x  =  10  0x1p+1 
 n,  x  =  11  0x1.8p+1 
 n,  x  =  12  0x1p+2 
 n,  x  =  13  0x1.4p+2 
 n,  x  =  14  0x1.8p+2 
 n,  x  =  15  0x1.cp+2 
 n,  i  =  0  0 
 n,  i  =  1  1 
 n,  i  =  2  2 
 n,  i  =  3  3 
 n,  i  =  4  4 
 n,  i  =  5  5 
 n,  i  =  6  6 
 n,  i  =  7  7 
 n,  i  =  8  0 
 n,  i  =  9  1 
 n,  i  =  10  2 
 n,  i  =  11  3 
 n,  i  =  12  4 
 n,  i  =  13  5 
 n,  i  =  14  6 
 n,  i  =  15  7 
 n,  i  =  0  0x0p+0 
 n,  i  =  1  0x1p+0 
 n,  i  =  2  0x1p+1 
 n,  i  =  3  0x1.8p+1 
 n,  i  =  4  0x1p+2 
 n,  i  =  5  0x1.4p+2 
 n,  i  =  6  0x1.8p+2 
 n,  i  =  7  0x1.cp+2 
 n,  i  =  8  0x0p+0 
 n,  i  =  9  0x1p+0 
 n,  i  =  10  0x1p+1 
 n,  i  =  11  0x1.8p+1 
 n,  i  =  12  0x1p+2 
 n,  i  =  13  0x1.4p+2 
 n,  i  =  14  0x1.8p+2 
 n,  i  =  15  0x1.cp+2 
